[debug] [2023-04-24T11:05:14.287Z] ----------------------------------------------------------------------
[debug] [2023-04-24T11:05:14.288Z] Command:       /home/ooospicy/.nvm/versions/node/v16.16.0/bin/node /home/ooospicy/.nvm/versions/node/v16.16.0/bin/firebase deploy --only functions
[debug] [2023-04-24T11:05:14.288Z] CLI Version:   11.25.2
[debug] [2023-04-24T11:05:14.288Z] Platform:      linux
[debug] [2023-04-24T11:05:14.288Z] Node Version:  v16.16.0
[debug] [2023-04-24T11:05:14.288Z] Time:          Mon Apr 24 2023 04:05:14 GMT-0700 (Pacific Daylight Time)
[debug] [2023-04-24T11:05:14.288Z] ----------------------------------------------------------------------
[debug] 
[debug] [2023-04-24T11:05:14.319Z] > command requires scopes: ["email","openid","https://www.googleapis.com/auth/cloudplatformprojects.readonly","https://www.googleapis.com/auth/firebase","https://www.googleapis.com/auth/cloud-platform"]
[debug] [2023-04-24T11:05:14.319Z] > authorizing via signed-in user (joshcamp503@gmail.com)
[debug] [2023-04-24T11:05:14.319Z] [iam] checking project weam-a7b1a for permissions ["cloudfunctions.functions.create","cloudfunctions.functions.delete","cloudfunctions.functions.get","cloudfunctions.functions.list","cloudfunctions.functions.update","cloudfunctions.operations.get","firebase.projects.get"]
[debug] [2023-04-24T11:05:14.320Z] >>> [apiv2][query] POST https://cloudresourcemanager.googleapis.com/v1/projects/weam-a7b1a:testIamPermissions [none]
[debug] [2023-04-24T11:05:14.320Z] >>> [apiv2][(partial)header] POST https://cloudresourcemanager.googleapis.com/v1/projects/weam-a7b1a:testIamPermissions x-goog-quota-user=projects/weam-a7b1a
[debug] [2023-04-24T11:05:14.320Z] >>> [apiv2][body] POST https://cloudresourcemanager.googleapis.com/v1/projects/weam-a7b1a:testIamPermissions {"permissions":["cloudfunctions.functions.create","cloudfunctions.functions.delete","cloudfunctions.functions.get","cloudfunctions.functions.list","cloudfunctions.functions.update","cloudfunctions.operations.get","firebase.projects.get"]}
[debug] [2023-04-24T11:05:14.558Z] <<< [apiv2][status] POST https://cloudresourcemanager.googleapis.com/v1/projects/weam-a7b1a:testIamPermissions 200
[debug] [2023-04-24T11:05:14.558Z] <<< [apiv2][body] POST https://cloudresourcemanager.googleapis.com/v1/projects/weam-a7b1a:testIamPermissions {"permissions":["cloudfunctions.functions.create","cloudfunctions.functions.delete","cloudfunctions.functions.get","cloudfunctions.functions.list","cloudfunctions.functions.update","cloudfunctions.operations.get","firebase.projects.get"]}
[debug] [2023-04-24T11:05:14.559Z] >>> [apiv2][query] POST https://iam.googleapis.com/v1/projects/weam-a7b1a/serviceAccounts/weam-a7b1a@appspot.gserviceaccount.com:testIamPermissions [none]
[debug] [2023-04-24T11:05:14.559Z] >>> [apiv2][body] POST https://iam.googleapis.com/v1/projects/weam-a7b1a/serviceAccounts/weam-a7b1a@appspot.gserviceaccount.com:testIamPermissions {"permissions":["iam.serviceAccounts.actAs"]}
[debug] [2023-04-24T11:05:14.746Z] <<< [apiv2][status] POST https://iam.googleapis.com/v1/projects/weam-a7b1a/serviceAccounts/weam-a7b1a@appspot.gserviceaccount.com:testIamPermissions 200
[debug] [2023-04-24T11:05:14.746Z] <<< [apiv2][body] POST https://iam.googleapis.com/v1/projects/weam-a7b1a/serviceAccounts/weam-a7b1a@appspot.gserviceaccount.com:testIamPermissions {"permissions":["iam.serviceAccounts.actAs"]}
[info] 
[info] === Deploying to 'weam-a7b1a'...
[info] 
[info] i  deploying functions 
[info] Running command: npm --prefix "$RESOURCE_DIR" run lint
[info] ✔  functions: Finished running predeploy script. 
[debug] [2023-04-24T11:05:15.823Z] >>> [apiv2][query] GET https://firebase.googleapis.com/v1beta1/projects/weam-a7b1a [none]
[debug] [2023-04-24T11:05:16.109Z] <<< [apiv2][status] GET https://firebase.googleapis.com/v1beta1/projects/weam-a7b1a 200
[debug] [2023-04-24T11:05:16.109Z] <<< [apiv2][body] GET https://firebase.googleapis.com/v1beta1/projects/weam-a7b1a {"projectId":"weam-a7b1a","projectNumber":"143662027682","displayName":"weam","name":"projects/weam-a7b1a","resources":{"hostingSite":"weam-a7b1a","storageBucket":"weam-a7b1a.appspot.com","locationId":"us-central"},"state":"ACTIVE","etag":"1_b2b66b85-e0ae-446f-8c6d-223cfc4d542a"}
[info] i  functions: preparing codebase default for deployment 
[info] i  functions: ensuring required API cloudfunctions.googleapis.com is enabled... 
[info] i  functions: ensuring required API cloudbuild.googleapis.com is enabled... 
[info] i  artifactregistry: ensuring required API artifactregistry.googleapis.com is enabled... 
[debug] [2023-04-24T11:05:16.110Z] >>> [apiv2][query] GET https://serviceusage.googleapis.com/v1/projects/weam-a7b1a/services/cloudfunctions.googleapis.com [none]
[debug] [2023-04-24T11:05:16.110Z] >>> [apiv2][(partial)header] GET https://serviceusage.googleapis.com/v1/projects/weam-a7b1a/services/cloudfunctions.googleapis.com x-goog-quota-user=projects/weam-a7b1a
[debug] [2023-04-24T11:05:16.111Z] >>> [apiv2][query] GET https://serviceusage.googleapis.com/v1/projects/weam-a7b1a/services/runtimeconfig.googleapis.com [none]
[debug] [2023-04-24T11:05:16.111Z] >>> [apiv2][(partial)header] GET https://serviceusage.googleapis.com/v1/projects/weam-a7b1a/services/runtimeconfig.googleapis.com x-goog-quota-user=projects/weam-a7b1a
[debug] [2023-04-24T11:05:16.111Z] >>> [apiv2][query] GET https://serviceusage.googleapis.com/v1/projects/weam-a7b1a/services/cloudbuild.googleapis.com [none]
[debug] [2023-04-24T11:05:16.111Z] >>> [apiv2][(partial)header] GET https://serviceusage.googleapis.com/v1/projects/weam-a7b1a/services/cloudbuild.googleapis.com x-goog-quota-user=projects/weam-a7b1a
[debug] [2023-04-24T11:05:16.112Z] >>> [apiv2][query] GET https://serviceusage.googleapis.com/v1/projects/weam-a7b1a/services/artifactregistry.googleapis.com [none]
[debug] [2023-04-24T11:05:16.112Z] >>> [apiv2][(partial)header] GET https://serviceusage.googleapis.com/v1/projects/weam-a7b1a/services/artifactregistry.googleapis.com x-goog-quota-user=projects/weam-a7b1a
[debug] [2023-04-24T11:05:16.725Z] <<< [apiv2][status] GET https://serviceusage.googleapis.com/v1/projects/weam-a7b1a/services/runtimeconfig.googleapis.com 200
[debug] [2023-04-24T11:05:16.725Z] <<< [apiv2][body] GET https://serviceusage.googleapis.com/v1/projects/weam-a7b1a/services/runtimeconfig.googleapis.com [omitted]
[debug] [2023-04-24T11:05:16.726Z] <<< [apiv2][status] GET https://serviceusage.googleapis.com/v1/projects/weam-a7b1a/services/artifactregistry.googleapis.com 200
[debug] [2023-04-24T11:05:16.726Z] <<< [apiv2][body] GET https://serviceusage.googleapis.com/v1/projects/weam-a7b1a/services/artifactregistry.googleapis.com [omitted]
[info] ✔  artifactregistry: required API artifactregistry.googleapis.com is enabled 
[debug] [2023-04-24T11:05:16.726Z] <<< [apiv2][status] GET https://serviceusage.googleapis.com/v1/projects/weam-a7b1a/services/cloudfunctions.googleapis.com 200
[debug] [2023-04-24T11:05:16.726Z] <<< [apiv2][body] GET https://serviceusage.googleapis.com/v1/projects/weam-a7b1a/services/cloudfunctions.googleapis.com [omitted]
[info] ✔  functions: required API cloudfunctions.googleapis.com is enabled 
[debug] [2023-04-24T11:05:16.727Z] <<< [apiv2][status] GET https://serviceusage.googleapis.com/v1/projects/weam-a7b1a/services/cloudbuild.googleapis.com 200
[debug] [2023-04-24T11:05:16.727Z] <<< [apiv2][body] GET https://serviceusage.googleapis.com/v1/projects/weam-a7b1a/services/cloudbuild.googleapis.com [omitted]
[info] ✔  functions: required API cloudbuild.googleapis.com is enabled 
[debug] [2023-04-24T11:05:16.727Z] >>> [apiv2][query] GET https://firebase.googleapis.com/v1beta1/projects/weam-a7b1a/adminSdkConfig [none]
[debug] [2023-04-24T11:05:16.953Z] <<< [apiv2][status] GET https://firebase.googleapis.com/v1beta1/projects/weam-a7b1a/adminSdkConfig 200
[debug] [2023-04-24T11:05:16.953Z] <<< [apiv2][body] GET https://firebase.googleapis.com/v1beta1/projects/weam-a7b1a/adminSdkConfig {"projectId":"weam-a7b1a","storageBucket":"weam-a7b1a.appspot.com","locationId":"us-central"}
[debug] [2023-04-24T11:05:16.953Z] >>> [apiv2][query] GET https://runtimeconfig.googleapis.com/v1beta1/projects/weam-a7b1a/configs [none]
[debug] [2023-04-24T11:05:17.439Z] <<< [apiv2][status] GET https://runtimeconfig.googleapis.com/v1beta1/projects/weam-a7b1a/configs 200
[debug] [2023-04-24T11:05:17.439Z] <<< [apiv2][body] GET https://runtimeconfig.googleapis.com/v1beta1/projects/weam-a7b1a/configs {}
[debug] [2023-04-24T11:05:17.440Z] Validating nodejs source
[warn] ⚠  functions: package.json indicates an outdated version of firebase-functions. Please upgrade using npm install --save firebase-functions@latest in your functions directory. 
[debug] [2023-04-24T11:05:17.798Z] > [functions] package.json contents: {
  "name": "functions",
  "description": "Cloud Functions for Firebase",
  "scripts": {
    "lint": "eslint .",
    "serve": "firebase emulators:start --only functions",
    "shell": "firebase functions:shell",
    "start": "npm run shell",
    "deploy": "firebase deploy --only functions",
    "logs": "firebase functions:log"
  },
  "engines": {
    "node": "16"
  },
  "main": "index.js",
  "dependencies": {
    "firebase-admin": "^11.5.0",
    "firebase-functions": "^4.2.0",
    "handlebars": "^4.7.7",
    "nodemailer": "^6.9.1"
  },
  "devDependencies": {
    "eslint": "^8.15.0",
    "eslint-config-google": "^0.14.0",
    "firebase-functions-test": "^3.0.0"
  },
  "private": true
}
[debug] [2023-04-24T11:05:17.799Z] Building nodejs source
[debug] [2023-04-24T11:05:17.799Z] Could not find functions.yaml. Must use http discovery
[debug] [2023-04-24T11:05:17.802Z] Found firebase-functions binary at '/home/ooospicy/code/weam/functions/node_modules/.bin/firebase-functions'
[debug] [2023-04-24T11:05:17.867Z] Serving at port 8316

[debug] [2023-04-24T11:05:17.970Z] Got response from /__/functions.yaml {"endpoints":{"sendSubRequest":{"platform":"gcfv1","availableMemoryMb":null,"timeoutSeconds":null,"minInstances":null,"maxInstances":null,"ingressSettings":null,"serviceAccountEmail":null,"vpc":null,"eventTrigger":{"eventType":"providers/cloud.firestore/eventTypes/document.create","eventFilters":{"resource":"projects/weam-a7b1a/databases/(default)/documents/subRequests/{id}"},"retry":false},"labels":{},"entryPoint":"sendSubRequest"}},"specVersion":"v1alpha1","requiredAPIs":[]}
[debug] [2023-04-24T11:05:17.974Z] shutdown requested via /__/quitquitquit

[info] i  functions: preparing functions directory for uploading... 
[info] i  functions: packaged /home/ooospicy/code/weam/functions (186.13 KB) for uploading 
[debug] [2023-04-24T11:05:18.007Z] >>> [apiv2][query] GET https://cloudfunctions.googleapis.com/v1/projects/weam-a7b1a/locations/-/functions [none]
[debug] [2023-04-24T11:05:18.567Z] <<< [apiv2][status] GET https://cloudfunctions.googleapis.com/v1/projects/weam-a7b1a/locations/-/functions 200
[debug] [2023-04-24T11:05:18.567Z] <<< [apiv2][body] GET https://cloudfunctions.googleapis.com/v1/projects/weam-a7b1a/locations/-/functions {"functions":[{"name":"projects/weam-a7b1a/locations/us-central1/functions/helloWorld","httpsTrigger":{"url":"https://us-central1-weam-a7b1a.cloudfunctions.net/helloWorld","securityLevel":"SECURE_ALWAYS"},"status":"ACTIVE","entryPoint":"helloWorld","timeout":"60s","availableMemoryMb":256,"serviceAccountEmail":"weam-a7b1a@appspot.gserviceaccount.com","updateTime":"2023-03-29T03:23:13.066Z","versionId":"21","labels":{"deployment-tool":"cli-firebase","firebase-functions-hash":"52740fdc44a02dec9ebc65e0882825e50558987b"},"sourceUploadUrl":"https://storage.googleapis.com/uploads-361847782729.us-central1.cloudfunctions.appspot.com/2b849229-268e-4fb4-a3ff-ba8450dc6ab2.zip","environmentVariables":{"FIREBASE_CONFIG":"{\"projectId\":\"weam-a7b1a\",\"storageBucket\":\"weam-a7b1a.appspot.com\",\"locationId\":\"us-central\"}","GCLOUD_PROJECT":"weam-a7b1a","EVENTARC_CLOUD_EVENT_SOURCE":"projects/weam-a7b1a/locations/us-central1/functions/helloWorld"},"runtime":"nodejs16","ingressSettings":"ALLOW_ALL","buildId":"dbab3915-474e-4d33-a1e3-22794d309eb5","buildName":"projects/143662027682/locations/us-central1/builds/dbab3915-474e-4d33-a1e3-22794d309eb5","dockerRegistry":"ARTIFACT_REGISTRY"},{"name":"projects/weam-a7b1a/locations/us-central1/functions/sendSubRequest","eventTrigger":{"eventType":"providers/cloud.firestore/eventTypes/document.create","resource":"projects/weam-a7b1a/databases/(default)/documents/subRequests/{id}","service":"firestore.googleapis.com","failurePolicy":{}},"status":"ACTIVE","entryPoint":"sendSubRequest","timeout":"60s","availableMemoryMb":256,"serviceAccountEmail":"weam-a7b1a@appspot.gserviceaccount.com","updateTime":"2023-03-29T03:23:23.411Z","versionId":"20","labels":{"deployment-tool":"cli-firebase","firebase-functions-hash":"52740fdc44a02dec9ebc65e0882825e50558987b"},"sourceUploadUrl":"https://storage.googleapis.com/uploads-361847782729.us-central1.cloudfunctions.appspot.com/2b849229-268e-4fb4-a3ff-ba8450dc6ab2.zip","environmentVariables":{"FIREBASE_CONFIG":"{\"projectId\":\"weam-a7b1a\",\"storageBucket\":\"weam-a7b1a.appspot.com\",\"locationId\":\"us-central\"}","GCLOUD_PROJECT":"weam-a7b1a","EVENTARC_CLOUD_EVENT_SOURCE":"projects/weam-a7b1a/locations/us-central1/functions/sendSubRequest"},"runtime":"nodejs16","maxInstances":3000,"ingressSettings":"ALLOW_ALL","buildId":"dbab3915-474e-4d33-a1e3-22794d309eb5","buildName":"projects/143662027682/locations/us-central1/builds/dbab3915-474e-4d33-a1e3-22794d309eb5","dockerRegistry":"ARTIFACT_REGISTRY"}]}
[debug] [2023-04-24T11:05:18.567Z] >>> [apiv2][query] GET https://cloudfunctions.googleapis.com/v2/projects/weam-a7b1a/locations/-/functions filter=environment%3D%22GEN_2%22
[debug] [2023-04-24T11:05:19.282Z] <<< [apiv2][status] GET https://cloudfunctions.googleapis.com/v2/projects/weam-a7b1a/locations/-/functions 200
[debug] [2023-04-24T11:05:19.282Z] <<< [apiv2][body] GET https://cloudfunctions.googleapis.com/v2/projects/weam-a7b1a/locations/-/functions {}
[debug] [2023-04-24T11:05:19.285Z] >>> [apiv2][query] GET https://firebase.googleapis.com/v1beta1/projects/weam-a7b1a [none]
[debug] [2023-04-24T11:05:19.493Z] <<< [apiv2][status] GET https://firebase.googleapis.com/v1beta1/projects/weam-a7b1a 200
[debug] [2023-04-24T11:05:19.493Z] <<< [apiv2][body] GET https://firebase.googleapis.com/v1beta1/projects/weam-a7b1a {"projectId":"weam-a7b1a","projectNumber":"143662027682","displayName":"weam","name":"projects/weam-a7b1a","resources":{"hostingSite":"weam-a7b1a","storageBucket":"weam-a7b1a.appspot.com","locationId":"us-central"},"state":"ACTIVE","etag":"1_b2b66b85-e0ae-446f-8c6d-223cfc4d542a"}
[debug] [2023-04-24T11:05:19.494Z] >>> [apiv2][query] POST https://cloudfunctions.googleapis.com/v1/projects/weam-a7b1a/locations/us-central1/functions:generateUploadUrl [none]
[debug] [2023-04-24T11:05:19.494Z] >>> [apiv2][body] POST https://cloudfunctions.googleapis.com/v1/projects/weam-a7b1a/locations/us-central1/functions:generateUploadUrl {}
[debug] [2023-04-24T11:05:19.998Z] <<< [apiv2][status] POST https://cloudfunctions.googleapis.com/v1/projects/weam-a7b1a/locations/us-central1/functions:generateUploadUrl 200
[debug] [2023-04-24T11:05:19.998Z] <<< [apiv2][body] POST https://cloudfunctions.googleapis.com/v1/projects/weam-a7b1a/locations/us-central1/functions:generateUploadUrl {"uploadUrl":"https://storage.googleapis.com/uploads-361847782729.us-central1.cloudfunctions.appspot.com/8d6d27ff-178e-47a6-b30f-cb9fc03b8dd5.zip?GoogleAccessId=service-143662027682@gcf-admin-robot.iam.gserviceaccount.com&Expires=1682336119&Signature=BrOejHRg8GWkLnmca%2BfzF%2BujNNQR3hEfOsbv94YFe4%2F904CQ8TilklMJtjtSOKFYIaPZFw3txEfVFZxDjeFLIUWxZGpuFuMaRyGkfGQERUnUIaLtuj%2FAvaa8wgr3A%2BS579W2YyXhakgRqLu5e6ZTiCUyibWWD7dJdbOpVa60%2BywBtv0qv7tdrtMkn72IRlPzS78bmGN1FVEQhRb8VoL3alM2nLdU2giJGP5HN6d30cjgvVmUmjhiSvnhz%2B8Lw6Tl%2FxS08ZDct2YQW8MKEJHh4bfuwb0oEw10xPvfnyVo2p24%2BnJLfbFaj7lZ8Gsg8Jr71vO2qpAoMHsOrq9O6cWJpA%3D%3D"}
[debug] [2023-04-24T11:05:19.998Z] >>> [apiv2][query] PUT https://storage.googleapis.com/uploads-361847782729.us-central1.cloudfunctions.appspot.com/8d6d27ff-178e-47a6-b30f-cb9fc03b8dd5.zip GoogleAccessId=service-143662027682%40gcf-admin-robot.iam.gserviceaccount.com&Expires=1682336119&Signature=BrOejHRg8GWkLnmca%2BfzF%2BujNNQR3hEfOsbv94YFe4%2F904CQ8TilklMJtjtSOKFYIaPZFw3txEfVFZxDjeFLIUWxZGpuFuMaRyGkfGQERUnUIaLtuj%2FAvaa8wgr3A%2BS579W2YyXhakgRqLu5e6ZTiCUyibWWD7dJdbOpVa60%2BywBtv0qv7tdrtMkn72IRlPzS78bmGN1FVEQhRb8VoL3alM2nLdU2giJGP5HN6d30cjgvVmUmjhiSvnhz%2B8Lw6Tl%2FxS08ZDct2YQW8MKEJHh4bfuwb0oEw10xPvfnyVo2p24%2BnJLfbFaj7lZ8Gsg8Jr71vO2qpAoMHsOrq9O6cWJpA%3D%3D
[debug] [2023-04-24T11:05:19.998Z] >>> [apiv2][body] PUT https://storage.googleapis.com/uploads-361847782729.us-central1.cloudfunctions.appspot.com/8d6d27ff-178e-47a6-b30f-cb9fc03b8dd5.zip [stream]
[debug] [2023-04-24T11:05:20.399Z] <<< [apiv2][status] PUT https://storage.googleapis.com/uploads-361847782729.us-central1.cloudfunctions.appspot.com/8d6d27ff-178e-47a6-b30f-cb9fc03b8dd5.zip 200
[debug] [2023-04-24T11:05:20.399Z] <<< [apiv2][body] PUT https://storage.googleapis.com/uploads-361847782729.us-central1.cloudfunctions.appspot.com/8d6d27ff-178e-47a6-b30f-cb9fc03b8dd5.zip [omitted]
[info] ✔  functions: functions folder uploaded successfully 
[info] 
The following functions are found in your project but do not exist in your local source code:
	helloWorld(us-central1)

If you are renaming a function or changing its region, it is recommended that you create the new function first before deleting the old one to prevent event loss. For more info, visit https://firebase.google.com/docs/functions/manage-functions#modify

[info] i  functions: updating Node.js 16 function sendSubRequest(us-central1)... 
[info] i  functions: deleting Node.js 16 function helloWorld(us-central1)... 
[debug] [2023-04-24T11:05:32.894Z] >>> [apiv2][query] PATCH https://cloudfunctions.googleapis.com/v1/projects/weam-a7b1a/locations/us-central1/functions/sendSubRequest updateMask=name%2CsourceUploadUrl%2CentryPoint%2Cruntime%2CdockerRegistry%2Clabels%2CeventTrigger.eventType%2CeventTrigger.resource%2CeventTrigger.failurePolicy%2CminInstances%2CmaxInstances%2CingressSettings%2CenvironmentVariables%2CserviceAccountEmail%2CavailableMemoryMb%2Ctimeout%2CvpcConnector%2CvpcConnectorEgressSettings%2CsourceToken
[debug] [2023-04-24T11:05:32.894Z] >>> [apiv2][body] PATCH https://cloudfunctions.googleapis.com/v1/projects/weam-a7b1a/locations/us-central1/functions/sendSubRequest {"name":"projects/weam-a7b1a/locations/us-central1/functions/sendSubRequest","sourceUploadUrl":"https://storage.googleapis.com/uploads-361847782729.us-central1.cloudfunctions.appspot.com/8d6d27ff-178e-47a6-b30f-cb9fc03b8dd5.zip?GoogleAccessId=service-143662027682@gcf-admin-robot.iam.gserviceaccount.com&Expires=1682336119&Signature=BrOejHRg8GWkLnmca%2BfzF%2BujNNQR3hEfOsbv94YFe4%2F904CQ8TilklMJtjtSOKFYIaPZFw3txEfVFZxDjeFLIUWxZGpuFuMaRyGkfGQERUnUIaLtuj%2FAvaa8wgr3A%2BS579W2YyXhakgRqLu5e6ZTiCUyibWWD7dJdbOpVa60%2BywBtv0qv7tdrtMkn72IRlPzS78bmGN1FVEQhRb8VoL3alM2nLdU2giJGP5HN6d30cjgvVmUmjhiSvnhz%2B8Lw6Tl%2FxS08ZDct2YQW8MKEJHh4bfuwb0oEw10xPvfnyVo2p24%2BnJLfbFaj7lZ8Gsg8Jr71vO2qpAoMHsOrq9O6cWJpA%3D%3D","entryPoint":"sendSubRequest","runtime":"nodejs16","dockerRegistry":"ARTIFACT_REGISTRY","labels":{"deployment-tool":"cli-firebase","firebase-functions-hash":"1c9a89e0a34dd3a8a1572fd020900939bc3fe869"},"eventTrigger":{"eventType":"providers/cloud.firestore/eventTypes/document.create","resource":"projects/weam-a7b1a/databases/(default)/documents/subRequests/{id}"},"minInstances":null,"maxInstances":null,"ingressSettings":null,"environmentVariables":{"FIREBASE_CONFIG":"{\"projectId\":\"weam-a7b1a\",\"storageBucket\":\"weam-a7b1a.appspot.com\",\"locationId\":\"us-central\"}","GCLOUD_PROJECT":"weam-a7b1a","EVENTARC_CLOUD_EVENT_SOURCE":"projects/weam-a7b1a/locations/us-central1/functions/sendSubRequest"},"serviceAccountEmail":null,"availableMemoryMb":null,"timeout":null,"vpcConnector":null,"vpcConnectorEgressSettings":null}
[debug] [2023-04-24T11:05:32.895Z] >>> [apiv2][query] DELETE https://cloudfunctions.googleapis.com/v1/projects/weam-a7b1a/locations/us-central1/functions/helloWorld [none]
[debug] [2023-04-24T11:05:33.209Z] <<< [apiv2][status] DELETE https://cloudfunctions.googleapis.com/v1/projects/weam-a7b1a/locations/us-central1/functions/helloWorld 200
[debug] [2023-04-24T11:05:33.209Z] <<< [apiv2][body] DELETE https://cloudfunctions.googleapis.com/v1/projects/weam-a7b1a/locations/us-central1/functions/helloWorld {"name":"operations/d2VhbS1hN2IxYS91cy1jZW50cmFsMS9oZWxsb1dvcmxkL1JSU01qRktyZnJN","metadata":{"@type":"type.googleapis.com/google.cloud.functions.v1.OperationMetadataV1","target":"projects/weam-a7b1a/locations/us-central1/functions/helloWorld","type":"DELETE_FUNCTION","request":{"@type":"type.googleapis.com/google.protobuf.Empty"},"updateTime":"2023-04-24T11:05:33Z"}}
[debug] [2023-04-24T11:05:33.209Z] >>> [apiv2][query] GET https://cloudfunctions.googleapis.com/v1/operations/d2VhbS1hN2IxYS91cy1jZW50cmFsMS9oZWxsb1dvcmxkL1JSU01qRktyZnJN [none]
[debug] [2023-04-24T11:05:33.404Z] <<< [apiv2][status] GET https://cloudfunctions.googleapis.com/v1/operations/d2VhbS1hN2IxYS91cy1jZW50cmFsMS9oZWxsb1dvcmxkL1JSU01qRktyZnJN 200
[debug] [2023-04-24T11:05:33.404Z] <<< [apiv2][body] GET https://cloudfunctions.googleapis.com/v1/operations/d2VhbS1hN2IxYS91cy1jZW50cmFsMS9oZWxsb1dvcmxkL1JSU01qRktyZnJN {"name":"operations/d2VhbS1hN2IxYS91cy1jZW50cmFsMS9oZWxsb1dvcmxkL1JSU01qRktyZnJN","metadata":{"@type":"type.googleapis.com/google.cloud.functions.v1.OperationMetadataV1","target":"projects/weam-a7b1a/locations/us-central1/functions/helloWorld","type":"DELETE_FUNCTION","request":{"@type":"type.googleapis.com/google.protobuf.Empty"},"updateTime":"2023-04-24T11:05:33Z"}}
[debug] [2023-04-24T11:05:33.431Z] <<< [apiv2][status] PATCH https://cloudfunctions.googleapis.com/v1/projects/weam-a7b1a/locations/us-central1/functions/sendSubRequest 200
[debug] [2023-04-24T11:05:33.431Z] <<< [apiv2][body] PATCH https://cloudfunctions.googleapis.com/v1/projects/weam-a7b1a/locations/us-central1/functions/sendSubRequest {"name":"operations/d2VhbS1hN2IxYS91cy1jZW50cmFsMS9zZW5kU3ViUmVxdWVzdC92TUdRX3VXSldycw","metadata":{"@type":"type.googleapis.com/google.cloud.functions.v1.OperationMetadataV1","target":"projects/weam-a7b1a/locations/us-central1/functions/sendSubRequest","type":"UPDATE_FUNCTION","request":{"@type":"type.googleapis.com/google.cloud.functions.v1.CloudFunction","name":"projects/weam-a7b1a/locations/us-central1/functions/sendSubRequest","eventTrigger":{"eventType":"providers/cloud.firestore/eventTypes/document.create","resource":"projects/weam-a7b1a/databases/(default)/documents/subRequests/{id}","service":"firestore.googleapis.com"},"status":"ACTIVE","entryPoint":"sendSubRequest","updateTime":"2023-03-29T03:23:23.411Z","versionId":"20","labels":{"deployment-tool":"cli-firebase","firebase-functions-hash":"1c9a89e0a34dd3a8a1572fd020900939bc3fe869"},"sourceUploadUrl":"https://storage.googleapis.com/uploads-361847782729.us-central1.cloudfunctions.appspot.com/8d6d27ff-178e-47a6-b30f-cb9fc03b8dd5.zip?GoogleAccessId=service-143662027682@gcf-admin-robot.iam.gserviceaccount.com&Expires=1682336119&Signature=BrOejHRg8GWkLnmca%2BfzF%2BujNNQR3hEfOsbv94YFe4%2F904CQ8TilklMJtjtSOKFYIaPZFw3txEfVFZxDjeFLIUWxZGpuFuMaRyGkfGQERUnUIaLtuj%2FAvaa8wgr3A%2BS579W2YyXhakgRqLu5e6ZTiCUyibWWD7dJdbOpVa60%2BywBtv0qv7tdrtMkn72IRlPzS78bmGN1FVEQhRb8VoL3alM2nLdU2giJGP5HN6d30cjgvVmUmjhiSvnhz%2B8Lw6Tl%2FxS08ZDct2YQW8MKEJHh4bfuwb0oEw10xPvfnyVo2p24%2BnJLfbFaj7lZ8Gsg8Jr71vO2qpAoMHsOrq9O6cWJpA%3D%3D","environmentVariables":{"FIREBASE_CONFIG":"{\"projectId\":\"weam-a7b1a\",\"storageBucket\":\"weam-a7b1a.appspot.com\",\"locationId\":\"us-central\"}","GCLOUD_PROJECT":"weam-a7b1a","EVENTARC_CLOUD_EVENT_SOURCE":"projects/weam-a7b1a/locations/us-central1/functions/sendSubRequest"},"runtime":"nodejs16","buildId":"dbab3915-474e-4d33-a1e3-22794d309eb5","buildName":"projects/143662027682/locations/us-central1/builds/dbab3915-474e-4d33-a1e3-22794d309eb5","dockerRegistry":"ARTIFACT_REGISTRY"},"versionId":"21","updateTime":"2023-04-24T11:05:33Z"}}
[debug] [2023-04-24T11:05:33.432Z] >>> [apiv2][query] GET https://cloudfunctions.googleapis.com/v1/operations/d2VhbS1hN2IxYS91cy1jZW50cmFsMS9zZW5kU3ViUmVxdWVzdC92TUdRX3VXSldycw [none]
[debug] [2023-04-24T11:05:33.823Z] <<< [apiv2][status] GET https://cloudfunctions.googleapis.com/v1/operations/d2VhbS1hN2IxYS91cy1jZW50cmFsMS9zZW5kU3ViUmVxdWVzdC92TUdRX3VXSldycw 200
[debug] [2023-04-24T11:05:33.823Z] <<< [apiv2][body] GET https://cloudfunctions.googleapis.com/v1/operations/d2VhbS1hN2IxYS91cy1jZW50cmFsMS9zZW5kU3ViUmVxdWVzdC92TUdRX3VXSldycw {"name":"operations/d2VhbS1hN2IxYS91cy1jZW50cmFsMS9zZW5kU3ViUmVxdWVzdC92TUdRX3VXSldycw","metadata":{"@type":"type.googleapis.com/google.cloud.functions.v1.OperationMetadataV1","target":"projects/weam-a7b1a/locations/us-central1/functions/sendSubRequest","type":"UPDATE_FUNCTION","request":{"@type":"type.googleapis.com/google.cloud.functions.v1.CloudFunction","name":"projects/weam-a7b1a/locations/us-central1/functions/sendSubRequest","eventTrigger":{"eventType":"providers/cloud.firestore/eventTypes/document.create","resource":"projects/weam-a7b1a/databases/(default)/documents/subRequests/{id}","service":"firestore.googleapis.com"},"status":"ACTIVE","entryPoint":"sendSubRequest","updateTime":"2023-03-29T03:23:23.411Z","versionId":"20","labels":{"deployment-tool":"cli-firebase","firebase-functions-hash":"1c9a89e0a34dd3a8a1572fd020900939bc3fe869"},"sourceUploadUrl":"https://storage.googleapis.com/uploads-361847782729.us-central1.cloudfunctions.appspot.com/8d6d27ff-178e-47a6-b30f-cb9fc03b8dd5.zip?GoogleAccessId=service-143662027682@gcf-admin-robot.iam.gserviceaccount.com&Expires=1682336119&Signature=BrOejHRg8GWkLnmca%2BfzF%2BujNNQR3hEfOsbv94YFe4%2F904CQ8TilklMJtjtSOKFYIaPZFw3txEfVFZxDjeFLIUWxZGpuFuMaRyGkfGQERUnUIaLtuj%2FAvaa8wgr3A%2BS579W2YyXhakgRqLu5e6ZTiCUyibWWD7dJdbOpVa60%2BywBtv0qv7tdrtMkn72IRlPzS78bmGN1FVEQhRb8VoL3alM2nLdU2giJGP5HN6d30cjgvVmUmjhiSvnhz%2B8Lw6Tl%2FxS08ZDct2YQW8MKEJHh4bfuwb0oEw10xPvfnyVo2p24%2BnJLfbFaj7lZ8Gsg8Jr71vO2qpAoMHsOrq9O6cWJpA%3D%3D","environmentVariables":{"FIREBASE_CONFIG":"{\"projectId\":\"weam-a7b1a\",\"storageBucket\":\"weam-a7b1a.appspot.com\",\"locationId\":\"us-central\"}","GCLOUD_PROJECT":"weam-a7b1a","EVENTARC_CLOUD_EVENT_SOURCE":"projects/weam-a7b1a/locations/us-central1/functions/sendSubRequest"},"runtime":"nodejs16","buildId":"dbab3915-474e-4d33-a1e3-22794d309eb5","buildName":"projects/143662027682/locations/us-central1/builds/dbab3915-474e-4d33-a1e3-22794d309eb5","dockerRegistry":"ARTIFACT_REGISTRY"},"versionId":"21","updateTime":"2023-04-24T11:05:33Z"}}
[debug] [2023-04-24T11:05:33.904Z] [delete-default-us-central1-helloWorld] Retrying task index 0
[debug] [2023-04-24T11:05:33.904Z] >>> [apiv2][query] GET https://cloudfunctions.googleapis.com/v1/operations/d2VhbS1hN2IxYS91cy1jZW50cmFsMS9oZWxsb1dvcmxkL1JSU01qRktyZnJN [none]
[debug] [2023-04-24T11:05:34.162Z] <<< [apiv2][status] GET https://cloudfunctions.googleapis.com/v1/operations/d2VhbS1hN2IxYS91cy1jZW50cmFsMS9oZWxsb1dvcmxkL1JSU01qRktyZnJN 200
[debug] [2023-04-24T11:05:34.162Z] <<< [apiv2][body] GET https://cloudfunctions.googleapis.com/v1/operations/d2VhbS1hN2IxYS91cy1jZW50cmFsMS9oZWxsb1dvcmxkL1JSU01qRktyZnJN {"name":"operations/d2VhbS1hN2IxYS91cy1jZW50cmFsMS9oZWxsb1dvcmxkL1JSU01qRktyZnJN","metadata":{"@type":"type.googleapis.com/google.cloud.functions.v1.OperationMetadataV1","target":"projects/weam-a7b1a/locations/us-central1/functions/helloWorld","type":"DELETE_FUNCTION","request":{"@type":"type.googleapis.com/google.protobuf.Empty"},"updateTime":"2023-04-24T11:05:33Z"}}
[debug] [2023-04-24T11:05:34.324Z] [update-default-us-central1-sendSubRequest] Retrying task index 0
[debug] [2023-04-24T11:05:34.324Z] >>> [apiv2][query] GET https://cloudfunctions.googleapis.com/v1/operations/d2VhbS1hN2IxYS91cy1jZW50cmFsMS9zZW5kU3ViUmVxdWVzdC92TUdRX3VXSldycw [none]
[debug] [2023-04-24T11:05:34.542Z] <<< [apiv2][status] GET https://cloudfunctions.googleapis.com/v1/operations/d2VhbS1hN2IxYS91cy1jZW50cmFsMS9zZW5kU3ViUmVxdWVzdC92TUdRX3VXSldycw 200
[debug] [2023-04-24T11:05:34.542Z] <<< [apiv2][body] GET https://cloudfunctions.googleapis.com/v1/operations/d2VhbS1hN2IxYS91cy1jZW50cmFsMS9zZW5kU3ViUmVxdWVzdC92TUdRX3VXSldycw {"name":"operations/d2VhbS1hN2IxYS91cy1jZW50cmFsMS9zZW5kU3ViUmVxdWVzdC92TUdRX3VXSldycw","metadata":{"@type":"type.googleapis.com/google.cloud.functions.v1.OperationMetadataV1","target":"projects/weam-a7b1a/locations/us-central1/functions/sendSubRequest","type":"UPDATE_FUNCTION","request":{"@type":"type.googleapis.com/google.cloud.functions.v1.CloudFunction","name":"projects/weam-a7b1a/locations/us-central1/functions/sendSubRequest","eventTrigger":{"eventType":"providers/cloud.firestore/eventTypes/document.create","resource":"projects/weam-a7b1a/databases/(default)/documents/subRequests/{id}","service":"firestore.googleapis.com"},"status":"ACTIVE","entryPoint":"sendSubRequest","updateTime":"2023-03-29T03:23:23.411Z","versionId":"20","labels":{"deployment-tool":"cli-firebase","firebase-functions-hash":"1c9a89e0a34dd3a8a1572fd020900939bc3fe869"},"sourceUploadUrl":"https://storage.googleapis.com/uploads-361847782729.us-central1.cloudfunctions.appspot.com/8d6d27ff-178e-47a6-b30f-cb9fc03b8dd5.zip?GoogleAccessId=service-143662027682@gcf-admin-robot.iam.gserviceaccount.com&Expires=1682336119&Signature=BrOejHRg8GWkLnmca%2BfzF%2BujNNQR3hEfOsbv94YFe4%2F904CQ8TilklMJtjtSOKFYIaPZFw3txEfVFZxDjeFLIUWxZGpuFuMaRyGkfGQERUnUIaLtuj%2FAvaa8wgr3A%2BS579W2YyXhakgRqLu5e6ZTiCUyibWWD7dJdbOpVa60%2BywBtv0qv7tdrtMkn72IRlPzS78bmGN1FVEQhRb8VoL3alM2nLdU2giJGP5HN6d30cjgvVmUmjhiSvnhz%2B8Lw6Tl%2FxS08ZDct2YQW8MKEJHh4bfuwb0oEw10xPvfnyVo2p24%2BnJLfbFaj7lZ8Gsg8Jr71vO2qpAoMHsOrq9O6cWJpA%3D%3D","environmentVariables":{"FIREBASE_CONFIG":"{\"projectId\":\"weam-a7b1a\",\"storageBucket\":\"weam-a7b1a.appspot.com\",\"locationId\":\"us-central\"}","GCLOUD_PROJECT":"weam-a7b1a","EVENTARC_CLOUD_EVENT_SOURCE":"projects/weam-a7b1a/locations/us-central1/functions/sendSubRequest"},"runtime":"nodejs16","buildId":"dbab3915-474e-4d33-a1e3-22794d309eb5","buildName":"projects/143662027682/locations/us-central1/builds/dbab3915-474e-4d33-a1e3-22794d309eb5","dockerRegistry":"ARTIFACT_REGISTRY"},"versionId":"21","updateTime":"2023-04-24T11:05:33Z","buildId":"87d06c6f-ebb5-4520-8b76-f88f0ddadf89","buildName":"projects/143662027682/locations/us-central1/builds/87d06c6f-ebb5-4520-8b76-f88f0ddadf89"}}
[debug] [2023-04-24T11:05:35.162Z] [delete-default-us-central1-helloWorld] Retrying task index 0
[debug] [2023-04-24T11:05:35.162Z] >>> [apiv2][query] GET https://cloudfunctions.googleapis.com/v1/operations/d2VhbS1hN2IxYS91cy1jZW50cmFsMS9oZWxsb1dvcmxkL1JSU01qRktyZnJN [none]
[debug] [2023-04-24T11:05:35.343Z] <<< [apiv2][status] GET https://cloudfunctions.googleapis.com/v1/operations/d2VhbS1hN2IxYS91cy1jZW50cmFsMS9oZWxsb1dvcmxkL1JSU01qRktyZnJN 200
[debug] [2023-04-24T11:05:35.343Z] <<< [apiv2][body] GET https://cloudfunctions.googleapis.com/v1/operations/d2VhbS1hN2IxYS91cy1jZW50cmFsMS9oZWxsb1dvcmxkL1JSU01qRktyZnJN {"name":"operations/d2VhbS1hN2IxYS91cy1jZW50cmFsMS9oZWxsb1dvcmxkL1JSU01qRktyZnJN","metadata":{"@type":"type.googleapis.com/google.cloud.functions.v1.OperationMetadataV1","target":"projects/weam-a7b1a/locations/us-central1/functions/helloWorld","type":"DELETE_FUNCTION","request":{"@type":"type.googleapis.com/google.protobuf.Empty"},"updateTime":"2023-04-24T11:05:33Z"}}
[debug] [2023-04-24T11:05:35.543Z] [update-default-us-central1-sendSubRequest] Retrying task index 0
[debug] [2023-04-24T11:05:35.543Z] >>> [apiv2][query] GET https://cloudfunctions.googleapis.com/v1/operations/d2VhbS1hN2IxYS91cy1jZW50cmFsMS9zZW5kU3ViUmVxdWVzdC92TUdRX3VXSldycw [none]
[debug] [2023-04-24T11:05:35.974Z] <<< [apiv2][status] GET https://cloudfunctions.googleapis.com/v1/operations/d2VhbS1hN2IxYS91cy1jZW50cmFsMS9zZW5kU3ViUmVxdWVzdC92TUdRX3VXSldycw 200
[debug] [2023-04-24T11:05:35.974Z] <<< [apiv2][body] GET https://cloudfunctions.googleapis.com/v1/operations/d2VhbS1hN2IxYS91cy1jZW50cmFsMS9zZW5kU3ViUmVxdWVzdC92TUdRX3VXSldycw {"name":"operations/d2VhbS1hN2IxYS91cy1jZW50cmFsMS9zZW5kU3ViUmVxdWVzdC92TUdRX3VXSldycw","metadata":{"@type":"type.googleapis.com/google.cloud.functions.v1.OperationMetadataV1","target":"projects/weam-a7b1a/locations/us-central1/functions/sendSubRequest","type":"UPDATE_FUNCTION","request":{"@type":"type.googleapis.com/google.cloud.functions.v1.CloudFunction","name":"projects/weam-a7b1a/locations/us-central1/functions/sendSubRequest","eventTrigger":{"eventType":"providers/cloud.firestore/eventTypes/document.create","resource":"projects/weam-a7b1a/databases/(default)/documents/subRequests/{id}","service":"firestore.googleapis.com"},"status":"ACTIVE","entryPoint":"sendSubRequest","updateTime":"2023-03-29T03:23:23.411Z","versionId":"20","labels":{"deployment-tool":"cli-firebase","firebase-functions-hash":"1c9a89e0a34dd3a8a1572fd020900939bc3fe869"},"sourceUploadUrl":"https://storage.googleapis.com/uploads-361847782729.us-central1.cloudfunctions.appspot.com/8d6d27ff-178e-47a6-b30f-cb9fc03b8dd5.zip?GoogleAccessId=service-143662027682@gcf-admin-robot.iam.gserviceaccount.com&Expires=1682336119&Signature=BrOejHRg8GWkLnmca%2BfzF%2BujNNQR3hEfOsbv94YFe4%2F904CQ8TilklMJtjtSOKFYIaPZFw3txEfVFZxDjeFLIUWxZGpuFuMaRyGkfGQERUnUIaLtuj%2FAvaa8wgr3A%2BS579W2YyXhakgRqLu5e6ZTiCUyibWWD7dJdbOpVa60%2BywBtv0qv7tdrtMkn72IRlPzS78bmGN1FVEQhRb8VoL3alM2nLdU2giJGP5HN6d30cjgvVmUmjhiSvnhz%2B8Lw6Tl%2FxS08ZDct2YQW8MKEJHh4bfuwb0oEw10xPvfnyVo2p24%2BnJLfbFaj7lZ8Gsg8Jr71vO2qpAoMHsOrq9O6cWJpA%3D%3D","environmentVariables":{"FIREBASE_CONFIG":"{\"projectId\":\"weam-a7b1a\",\"storageBucket\":\"weam-a7b1a.appspot.com\",\"locationId\":\"us-central\"}","GCLOUD_PROJECT":"weam-a7b1a","EVENTARC_CLOUD_EVENT_SOURCE":"projects/weam-a7b1a/locations/us-central1/functions/sendSubRequest"},"runtime":"nodejs16","buildId":"dbab3915-474e-4d33-a1e3-22794d309eb5","buildName":"projects/143662027682/locations/us-central1/builds/dbab3915-474e-4d33-a1e3-22794d309eb5","dockerRegistry":"ARTIFACT_REGISTRY"},"versionId":"21","updateTime":"2023-04-24T11:05:33Z","buildId":"87d06c6f-ebb5-4520-8b76-f88f0ddadf89","buildName":"projects/143662027682/locations/us-central1/builds/87d06c6f-ebb5-4520-8b76-f88f0ddadf89"}}
[debug] [2023-04-24T11:05:37.345Z] [delete-default-us-central1-helloWorld] Retrying task index 0
[debug] [2023-04-24T11:05:37.345Z] >>> [apiv2][query] GET https://cloudfunctions.googleapis.com/v1/operations/d2VhbS1hN2IxYS91cy1jZW50cmFsMS9oZWxsb1dvcmxkL1JSU01qRktyZnJN [none]
[debug] [2023-04-24T11:05:37.611Z] <<< [apiv2][status] GET https://cloudfunctions.googleapis.com/v1/operations/d2VhbS1hN2IxYS91cy1jZW50cmFsMS9oZWxsb1dvcmxkL1JSU01qRktyZnJN 200
[debug] [2023-04-24T11:05:37.611Z] <<< [apiv2][body] GET https://cloudfunctions.googleapis.com/v1/operations/d2VhbS1hN2IxYS91cy1jZW50cmFsMS9oZWxsb1dvcmxkL1JSU01qRktyZnJN {"name":"operations/d2VhbS1hN2IxYS91cy1jZW50cmFsMS9oZWxsb1dvcmxkL1JSU01qRktyZnJN","metadata":{"@type":"type.googleapis.com/google.cloud.functions.v1.OperationMetadataV1","target":"projects/weam-a7b1a/locations/us-central1/functions/helloWorld","type":"DELETE_FUNCTION","request":{"@type":"type.googleapis.com/google.protobuf.Empty"},"updateTime":"2023-04-24T11:05:36Z"},"done":true,"response":{"@type":"type.googleapis.com/google.protobuf.Empty"}}
[info] ✔  functions[helloWorld(us-central1)] Successful delete operation. 
[debug] [2023-04-24T11:05:37.975Z] [update-default-us-central1-sendSubRequest] Retrying task index 0
[debug] [2023-04-24T11:05:37.976Z] >>> [apiv2][query] GET https://cloudfunctions.googleapis.com/v1/operations/d2VhbS1hN2IxYS91cy1jZW50cmFsMS9zZW5kU3ViUmVxdWVzdC92TUdRX3VXSldycw [none]
[debug] [2023-04-24T11:05:38.226Z] <<< [apiv2][status] GET https://cloudfunctions.googleapis.com/v1/operations/d2VhbS1hN2IxYS91cy1jZW50cmFsMS9zZW5kU3ViUmVxdWVzdC92TUdRX3VXSldycw 200
[debug] [2023-04-24T11:05:38.226Z] <<< [apiv2][body] GET https://cloudfunctions.googleapis.com/v1/operations/d2VhbS1hN2IxYS91cy1jZW50cmFsMS9zZW5kU3ViUmVxdWVzdC92TUdRX3VXSldycw {"name":"operations/d2VhbS1hN2IxYS91cy1jZW50cmFsMS9zZW5kU3ViUmVxdWVzdC92TUdRX3VXSldycw","metadata":{"@type":"type.googleapis.com/google.cloud.functions.v1.OperationMetadataV1","target":"projects/weam-a7b1a/locations/us-central1/functions/sendSubRequest","type":"UPDATE_FUNCTION","request":{"@type":"type.googleapis.com/google.cloud.functions.v1.CloudFunction","name":"projects/weam-a7b1a/locations/us-central1/functions/sendSubRequest","eventTrigger":{"eventType":"providers/cloud.firestore/eventTypes/document.create","resource":"projects/weam-a7b1a/databases/(default)/documents/subRequests/{id}","service":"firestore.googleapis.com"},"status":"ACTIVE","entryPoint":"sendSubRequest","updateTime":"2023-03-29T03:23:23.411Z","versionId":"20","labels":{"deployment-tool":"cli-firebase","firebase-functions-hash":"1c9a89e0a34dd3a8a1572fd020900939bc3fe869"},"sourceUploadUrl":"https://storage.googleapis.com/uploads-361847782729.us-central1.cloudfunctions.appspot.com/8d6d27ff-178e-47a6-b30f-cb9fc03b8dd5.zip?GoogleAccessId=service-143662027682@gcf-admin-robot.iam.gserviceaccount.com&Expires=1682336119&Signature=BrOejHRg8GWkLnmca%2BfzF%2BujNNQR3hEfOsbv94YFe4%2F904CQ8TilklMJtjtSOKFYIaPZFw3txEfVFZxDjeFLIUWxZGpuFuMaRyGkfGQERUnUIaLtuj%2FAvaa8wgr3A%2BS579W2YyXhakgRqLu5e6ZTiCUyibWWD7dJdbOpVa60%2BywBtv0qv7tdrtMkn72IRlPzS78bmGN1FVEQhRb8VoL3alM2nLdU2giJGP5HN6d30cjgvVmUmjhiSvnhz%2B8Lw6Tl%2FxS08ZDct2YQW8MKEJHh4bfuwb0oEw10xPvfnyVo2p24%2BnJLfbFaj7lZ8Gsg8Jr71vO2qpAoMHsOrq9O6cWJpA%3D%3D","environmentVariables":{"FIREBASE_CONFIG":"{\"projectId\":\"weam-a7b1a\",\"storageBucket\":\"weam-a7b1a.appspot.com\",\"locationId\":\"us-central\"}","GCLOUD_PROJECT":"weam-a7b1a","EVENTARC_CLOUD_EVENT_SOURCE":"projects/weam-a7b1a/locations/us-central1/functions/sendSubRequest"},"runtime":"nodejs16","buildId":"dbab3915-474e-4d33-a1e3-22794d309eb5","buildName":"projects/143662027682/locations/us-central1/builds/dbab3915-474e-4d33-a1e3-22794d309eb5","dockerRegistry":"ARTIFACT_REGISTRY"},"versionId":"21","updateTime":"2023-04-24T11:05:33Z","buildId":"87d06c6f-ebb5-4520-8b76-f88f0ddadf89","buildName":"projects/143662027682/locations/us-central1/builds/87d06c6f-ebb5-4520-8b76-f88f0ddadf89"}}
[debug] [2023-04-24T11:05:42.230Z] [update-default-us-central1-sendSubRequest] Retrying task index 0
[debug] [2023-04-24T11:05:42.230Z] >>> [apiv2][query] GET https://cloudfunctions.googleapis.com/v1/operations/d2VhbS1hN2IxYS91cy1jZW50cmFsMS9zZW5kU3ViUmVxdWVzdC92TUdRX3VXSldycw [none]
[debug] [2023-04-24T11:05:42.544Z] <<< [apiv2][status] GET https://cloudfunctions.googleapis.com/v1/operations/d2VhbS1hN2IxYS91cy1jZW50cmFsMS9zZW5kU3ViUmVxdWVzdC92TUdRX3VXSldycw 200
[debug] [2023-04-24T11:05:42.544Z] <<< [apiv2][body] GET https://cloudfunctions.googleapis.com/v1/operations/d2VhbS1hN2IxYS91cy1jZW50cmFsMS9zZW5kU3ViUmVxdWVzdC92TUdRX3VXSldycw {"name":"operations/d2VhbS1hN2IxYS91cy1jZW50cmFsMS9zZW5kU3ViUmVxdWVzdC92TUdRX3VXSldycw","metadata":{"@type":"type.googleapis.com/google.cloud.functions.v1.OperationMetadataV1","target":"projects/weam-a7b1a/locations/us-central1/functions/sendSubRequest","type":"UPDATE_FUNCTION","request":{"@type":"type.googleapis.com/google.cloud.functions.v1.CloudFunction","name":"projects/weam-a7b1a/locations/us-central1/functions/sendSubRequest","eventTrigger":{"eventType":"providers/cloud.firestore/eventTypes/document.create","resource":"projects/weam-a7b1a/databases/(default)/documents/subRequests/{id}","service":"firestore.googleapis.com"},"status":"ACTIVE","entryPoint":"sendSubRequest","updateTime":"2023-03-29T03:23:23.411Z","versionId":"20","labels":{"deployment-tool":"cli-firebase","firebase-functions-hash":"1c9a89e0a34dd3a8a1572fd020900939bc3fe869"},"sourceUploadUrl":"https://storage.googleapis.com/uploads-361847782729.us-central1.cloudfunctions.appspot.com/8d6d27ff-178e-47a6-b30f-cb9fc03b8dd5.zip?GoogleAccessId=service-143662027682@gcf-admin-robot.iam.gserviceaccount.com&Expires=1682336119&Signature=BrOejHRg8GWkLnmca%2BfzF%2BujNNQR3hEfOsbv94YFe4%2F904CQ8TilklMJtjtSOKFYIaPZFw3txEfVFZxDjeFLIUWxZGpuFuMaRyGkfGQERUnUIaLtuj%2FAvaa8wgr3A%2BS579W2YyXhakgRqLu5e6ZTiCUyibWWD7dJdbOpVa60%2BywBtv0qv7tdrtMkn72IRlPzS78bmGN1FVEQhRb8VoL3alM2nLdU2giJGP5HN6d30cjgvVmUmjhiSvnhz%2B8Lw6Tl%2FxS08ZDct2YQW8MKEJHh4bfuwb0oEw10xPvfnyVo2p24%2BnJLfbFaj7lZ8Gsg8Jr71vO2qpAoMHsOrq9O6cWJpA%3D%3D","environmentVariables":{"FIREBASE_CONFIG":"{\"projectId\":\"weam-a7b1a\",\"storageBucket\":\"weam-a7b1a.appspot.com\",\"locationId\":\"us-central\"}","GCLOUD_PROJECT":"weam-a7b1a","EVENTARC_CLOUD_EVENT_SOURCE":"projects/weam-a7b1a/locations/us-central1/functions/sendSubRequest"},"runtime":"nodejs16","buildId":"dbab3915-474e-4d33-a1e3-22794d309eb5","buildName":"projects/143662027682/locations/us-central1/builds/dbab3915-474e-4d33-a1e3-22794d309eb5","dockerRegistry":"ARTIFACT_REGISTRY"},"versionId":"21","updateTime":"2023-04-24T11:05:33Z","buildId":"87d06c6f-ebb5-4520-8b76-f88f0ddadf89","buildName":"projects/143662027682/locations/us-central1/builds/87d06c6f-ebb5-4520-8b76-f88f0ddadf89"}}
[debug] [2023-04-24T11:05:50.544Z] [update-default-us-central1-sendSubRequest] Retrying task index 0
[debug] [2023-04-24T11:05:50.544Z] >>> [apiv2][query] GET https://cloudfunctions.googleapis.com/v1/operations/d2VhbS1hN2IxYS91cy1jZW50cmFsMS9zZW5kU3ViUmVxdWVzdC92TUdRX3VXSldycw [none]
[debug] [2023-04-24T11:05:50.739Z] <<< [apiv2][status] GET https://cloudfunctions.googleapis.com/v1/operations/d2VhbS1hN2IxYS91cy1jZW50cmFsMS9zZW5kU3ViUmVxdWVzdC92TUdRX3VXSldycw 200
[debug] [2023-04-24T11:05:50.740Z] <<< [apiv2][body] GET https://cloudfunctions.googleapis.com/v1/operations/d2VhbS1hN2IxYS91cy1jZW50cmFsMS9zZW5kU3ViUmVxdWVzdC92TUdRX3VXSldycw {"name":"operations/d2VhbS1hN2IxYS91cy1jZW50cmFsMS9zZW5kU3ViUmVxdWVzdC92TUdRX3VXSldycw","metadata":{"@type":"type.googleapis.com/google.cloud.functions.v1.OperationMetadataV1","target":"projects/weam-a7b1a/locations/us-central1/functions/sendSubRequest","type":"UPDATE_FUNCTION","request":{"@type":"type.googleapis.com/google.cloud.functions.v1.CloudFunction","name":"projects/weam-a7b1a/locations/us-central1/functions/sendSubRequest","eventTrigger":{"eventType":"providers/cloud.firestore/eventTypes/document.create","resource":"projects/weam-a7b1a/databases/(default)/documents/subRequests/{id}","service":"firestore.googleapis.com"},"status":"ACTIVE","entryPoint":"sendSubRequest","updateTime":"2023-03-29T03:23:23.411Z","versionId":"20","labels":{"deployment-tool":"cli-firebase","firebase-functions-hash":"1c9a89e0a34dd3a8a1572fd020900939bc3fe869"},"sourceUploadUrl":"https://storage.googleapis.com/uploads-361847782729.us-central1.cloudfunctions.appspot.com/8d6d27ff-178e-47a6-b30f-cb9fc03b8dd5.zip?GoogleAccessId=service-143662027682@gcf-admin-robot.iam.gserviceaccount.com&Expires=1682336119&Signature=BrOejHRg8GWkLnmca%2BfzF%2BujNNQR3hEfOsbv94YFe4%2F904CQ8TilklMJtjtSOKFYIaPZFw3txEfVFZxDjeFLIUWxZGpuFuMaRyGkfGQERUnUIaLtuj%2FAvaa8wgr3A%2BS579W2YyXhakgRqLu5e6ZTiCUyibWWD7dJdbOpVa60%2BywBtv0qv7tdrtMkn72IRlPzS78bmGN1FVEQhRb8VoL3alM2nLdU2giJGP5HN6d30cjgvVmUmjhiSvnhz%2B8Lw6Tl%2FxS08ZDct2YQW8MKEJHh4bfuwb0oEw10xPvfnyVo2p24%2BnJLfbFaj7lZ8Gsg8Jr71vO2qpAoMHsOrq9O6cWJpA%3D%3D","environmentVariables":{"FIREBASE_CONFIG":"{\"projectId\":\"weam-a7b1a\",\"storageBucket\":\"weam-a7b1a.appspot.com\",\"locationId\":\"us-central\"}","GCLOUD_PROJECT":"weam-a7b1a","EVENTARC_CLOUD_EVENT_SOURCE":"projects/weam-a7b1a/locations/us-central1/functions/sendSubRequest"},"runtime":"nodejs16","buildId":"dbab3915-474e-4d33-a1e3-22794d309eb5","buildName":"projects/143662027682/locations/us-central1/builds/dbab3915-474e-4d33-a1e3-22794d309eb5","dockerRegistry":"ARTIFACT_REGISTRY"},"versionId":"21","updateTime":"2023-04-24T11:05:33Z","buildId":"87d06c6f-ebb5-4520-8b76-f88f0ddadf89","buildName":"projects/143662027682/locations/us-central1/builds/87d06c6f-ebb5-4520-8b76-f88f0ddadf89"}}
[debug] [2023-04-24T11:06:00.748Z] [update-default-us-central1-sendSubRequest] Retrying task index 0
[debug] [2023-04-24T11:06:00.748Z] >>> [apiv2][query] GET https://cloudfunctions.googleapis.com/v1/operations/d2VhbS1hN2IxYS91cy1jZW50cmFsMS9zZW5kU3ViUmVxdWVzdC92TUdRX3VXSldycw [none]
[debug] [2023-04-24T11:06:01.060Z] <<< [apiv2][status] GET https://cloudfunctions.googleapis.com/v1/operations/d2VhbS1hN2IxYS91cy1jZW50cmFsMS9zZW5kU3ViUmVxdWVzdC92TUdRX3VXSldycw 200
[debug] [2023-04-24T11:06:01.060Z] <<< [apiv2][body] GET https://cloudfunctions.googleapis.com/v1/operations/d2VhbS1hN2IxYS91cy1jZW50cmFsMS9zZW5kU3ViUmVxdWVzdC92TUdRX3VXSldycw {"name":"operations/d2VhbS1hN2IxYS91cy1jZW50cmFsMS9zZW5kU3ViUmVxdWVzdC92TUdRX3VXSldycw","metadata":{"@type":"type.googleapis.com/google.cloud.functions.v1.OperationMetadataV1","target":"projects/weam-a7b1a/locations/us-central1/functions/sendSubRequest","type":"UPDATE_FUNCTION","request":{"@type":"type.googleapis.com/google.cloud.functions.v1.CloudFunction","name":"projects/weam-a7b1a/locations/us-central1/functions/sendSubRequest","eventTrigger":{"eventType":"providers/cloud.firestore/eventTypes/document.create","resource":"projects/weam-a7b1a/databases/(default)/documents/subRequests/{id}","service":"firestore.googleapis.com"},"status":"ACTIVE","entryPoint":"sendSubRequest","updateTime":"2023-03-29T03:23:23.411Z","versionId":"20","labels":{"deployment-tool":"cli-firebase","firebase-functions-hash":"1c9a89e0a34dd3a8a1572fd020900939bc3fe869"},"sourceUploadUrl":"https://storage.googleapis.com/uploads-361847782729.us-central1.cloudfunctions.appspot.com/8d6d27ff-178e-47a6-b30f-cb9fc03b8dd5.zip?GoogleAccessId=service-143662027682@gcf-admin-robot.iam.gserviceaccount.com&Expires=1682336119&Signature=BrOejHRg8GWkLnmca%2BfzF%2BujNNQR3hEfOsbv94YFe4%2F904CQ8TilklMJtjtSOKFYIaPZFw3txEfVFZxDjeFLIUWxZGpuFuMaRyGkfGQERUnUIaLtuj%2FAvaa8wgr3A%2BS579W2YyXhakgRqLu5e6ZTiCUyibWWD7dJdbOpVa60%2BywBtv0qv7tdrtMkn72IRlPzS78bmGN1FVEQhRb8VoL3alM2nLdU2giJGP5HN6d30cjgvVmUmjhiSvnhz%2B8Lw6Tl%2FxS08ZDct2YQW8MKEJHh4bfuwb0oEw10xPvfnyVo2p24%2BnJLfbFaj7lZ8Gsg8Jr71vO2qpAoMHsOrq9O6cWJpA%3D%3D","environmentVariables":{"FIREBASE_CONFIG":"{\"projectId\":\"weam-a7b1a\",\"storageBucket\":\"weam-a7b1a.appspot.com\",\"locationId\":\"us-central\"}","GCLOUD_PROJECT":"weam-a7b1a","EVENTARC_CLOUD_EVENT_SOURCE":"projects/weam-a7b1a/locations/us-central1/functions/sendSubRequest"},"runtime":"nodejs16","buildId":"dbab3915-474e-4d33-a1e3-22794d309eb5","buildName":"projects/143662027682/locations/us-central1/builds/dbab3915-474e-4d33-a1e3-22794d309eb5","dockerRegistry":"ARTIFACT_REGISTRY"},"versionId":"21","updateTime":"2023-04-24T11:05:33Z","buildId":"87d06c6f-ebb5-4520-8b76-f88f0ddadf89","buildName":"projects/143662027682/locations/us-central1/builds/87d06c6f-ebb5-4520-8b76-f88f0ddadf89"}}
